### USER
I need a program in javascript, python or bash (the best option from them assuming I'm on linux) to copy the entire chat from deepseek into a text file

### ASSISTANT
To copy the entire chat from Deepseek (or any similar web-based interface) into a text file, you can use a combination of browser automation and scripting. Since you're on Linux, **Python** is likely the best option due to its rich ecosystem of libraries for web scraping and automation.

We'll use **Selenium** in Python to automate the browser, extract the chat content, and save it to a text file. Selenium allows you to interact with web pages programmatically, making it ideal for this task.

Here’s how you can achieve this:

---

### **Solution in Python**

#### **Step 1: Install Required Libraries**
You need to install the following Python libraries:
- `selenium`: For browser automation.
- `webdriver-manager`: To manage the browser driver automatically.

Run the following commands to install them:
```bash
pip install selenium webdriver-manager
```

#### **Step 2: Write the Python Script**
Below is the Python script to automate the process:

```python
from selenium import webdriver
from selenium.webdriver.chrome.service import Service
from selenium.webdriver.common.by import By
from selenium.webdriver.common.keys import Keys
from webdriver_manager.chrome import ChromeDriverManager
import time

# Function to save chat content to a text file
def save_chat_to_file(chat_content, filename="chat_output.txt"):
    with open(filename, "w", encoding="utf-8") as file:
        file.write(chat_content)
    print(f"Chat saved to {filename}")

# Initialize the Chrome WebDriver
driver = webdriver.Chrome(service=Service(ChromeDriverManager().install()))

try:
    # Open the Deepseek chat page (replace with the actual URL)
    driver.get("https://deepseek.com/chat")  # Replace with the actual URL of Deepseek
    time.sleep(5)  # Wait for the page to load

    # Scroll to the bottom of the page to load all chat messages (if necessary)
    last_height = driver.execute_script("return document.body.scrollHeight")
    while True:
        driver.execute_script("window.scrollTo(0, document.body.scrollHeight);")
        time.sleep(2)  # Wait for new messages to load
        new_height = driver.execute_script("return document.body.scrollHeight")
        if new_height == last_height:
            break
        last_height = new_height

    # Extract chat content (adjust the selector based on the website's structure)
    chat_elements = driver.find_elements(By.CSS_SELECTOR, ".chat-message")  # Update selector
    chat_content = "\n".join([element.text for element in chat_elements])

    # Save the chat content to a text file
    save_chat_to_file(chat_content)

finally:
    # Close the browser
    driver.quit()
```

---

#### **Explanation of the Script**
1. **Browser Automation**:
   - The script uses Selenium to open the Deepseek chat page in a Chrome browser.
   - It scrolls to the bottom of the page to ensure all chat messages are loaded.

2. **Extracting Chat Content**:
   - The script identifies chat messages using a CSS selector (e.g., `.chat-message`). You may need to inspect the webpage (using browser developer tools) to find the correct selector for the chat messages.

3. **Saving to a File**:
   - The extracted chat content is saved to a text file (`chat_output.txt`) in UTF-8 encoding.

4. **Graceful Exit**:
   - The browser is closed after the operation, regardless of success or failure.

---

#### **Step 3: Run the Script**
Save the script to a file, e.g., `extract_chat.py`, and run it:
```bash
python extract_chat.py
```

---

### **Alternative Options**

#### **JavaScript (Node.js)**
If you prefer JavaScript, you can use Puppeteer (a Node.js library for browser automation). However, Python's Selenium is more beginner-friendly and widely used for such tasks.

#### **Bash**
Bash is not suitable for this task because it lacks the ability to interact with web pages dynamically. While tools like `curl` or `wget` can fetch static content, they cannot handle dynamic web pages like Deepseek.

---

### **Important Notes**
1. **Inspect the Webpage**:
   - Use your browser's developer tools (right-click → Inspect) to identify the correct CSS selector for chat messages.

2. **Login Handling**:
   - If Deepseek requires login, you may need to automate the login process or manually log in before running the script.

3. **Respect Terms of Service**:
   - Ensure that automating the extraction of chat content complies with Deepseek's terms of service.

---

This Python solution is robust, scalable, and easy to adapt for similar tasks. Let me know if you need further assistance!

### USER
  File "python_extract_chat.py", line 12, in <module>
    from webdriver_manager.chrome import ChromeDriverManager
ModuleNotFoundError: No module named 'webdriver_manager'


### ASSISTANT
The error indicates that the `webdriver_manager` module is not installed in your Python environment. This module is used to automatically download and manage the Chrome WebDriver, which is required for Selenium to interact with the Chrome browser.

Let’s resolve this issue step by step:

---

### **Step 1: Install `webdriver_manager`**
Run the following command to install the `webdriver_manager` package:
```bash
pip install webdriver-manager
```

If you are using a specific Python version or virtual environment, ensure you activate it before running the command. For example:
```bash
# Activate a virtual environment (if applicable)
source venv/bin/activate

# Install the package
pip install webdriver-manager
```

---

### **Step 2: Verify Installation**
After installation, verify that `webdriver_manager` is installed correctly by running:
```bash
pip show webdriver-manager
```
This should display details about the installed package, such as its version and location.

---

### **Step 3: Retry Running the Script**
Once the installation is complete, retry running your script:
```bash
python python_extract_chat.py
```

---

### **Alternative: Manual ChromeDriver Setup**
If you still encounter issues with `webdriver_manager`, you can manually download and configure the ChromeDriver. Here’s how:

#### **1. Download ChromeDriver**
- Visit the [ChromeDriver downloads page](https://sites.google.com/chromium.org/driver/) and download the version compatible with your installed version of Google Chrome.
- Extract the downloaded file.

#### **2. Update the Script**
Modify the script to use the manually downloaded ChromeDriver. Replace the `webdriver.Chrome` initialization with the path to the ChromeDriver executable:

```python
from selenium import webdriver
from selenium.webdriver.chrome.service import Service

# Path to the manually downloaded ChromeDriver
chrome_driver_path = "/path/to/chromedriver"  # Update this path

# Initialize the Chrome WebDriver
driver = webdriver.Chrome(service=Service(chrome_driver_path))
```

For example, if you extracted ChromeDriver to `/home/user/chromedriver`, update the path accordingly:
```python
chrome_driver_path = "/home/user/chromedriver"
```

---

### **Step 4: Ensure Chrome Browser is Installed**
Selenium requires the Chrome browser to be installed on your system. If Chrome is not installed, you can install it using your Linux package manager. For example:
```bash
sudo apt update
sudo apt install google-chrome-stable
```

---

### **Step 5: Debugging Tips**
If you continue to face issues:
1. **Check Python Version**:
   Ensure you are using Python 3.6 or higher. You can check your Python version with:
   ```bash
   python --version
   ```

2. **Check Pip Version**:
   Ensure `pip` is up-to-date:
   ```bash
   pip install --upgrade pip
   ```

3. **Virtual Environment**:
   If you are using a virtual environment, ensure it is activated before installing packages.

---

By following these steps, you should be able to resolve the `ModuleNotFoundError` and successfully run the script. Let me know if you encounter any further issues!

### USER
i'm using firefox

### ASSISTANT
If you're using Firefox instead of Chrome, you can adapt the script to work with Firefox by using **GeckoDriver**, which is the WebDriver for Firefox. Below, I'll guide you through the process of modifying the Python script to work with Firefox.

---

### **Step 1: Install GeckoDriver**
GeckoDriver is the WebDriver implementation for Firefox. You need to download and install it.

#### **Option 1: Install via Package Manager**
On most Linux distributions, you can install GeckoDriver using the package manager. For example:
```bash
sudo apt update
sudo apt install firefox-geckodriver
```

#### **Option 2: Download Manually**
If your package manager doesn't have GeckoDriver or you want the latest version:
1. Visit the [GeckoDriver releases page](https://github.com/mozilla/geckodriver/releases).
2. Download the appropriate version for your system (e.g., `geckodriver-v0.33.0-linux64.tar.gz` for Linux).
3. Extract the file:
   ```bash
   tar -xvzf geckodriver-v0.33.0-linux64.tar.gz
   ```
4. Move the extracted binary to a directory in your system's PATH:
   ```bash
   sudo mv geckodriver /usr/local/bin/
   ```

Verify the installation by running:
```bash
geckodriver --version
```

---

### **Step 2: Modify the Python Script**
Update the script to use Firefox instead of Chrome. Replace the Chrome-specific code with Firefox-specific code.

Here’s the updated script:

```python
from selenium import webdriver
from selenium.webdriver.firefox.service import Service
from selenium.webdriver.common.by import By
import time

# Function to save chat content to a text file
def save_chat_to_file(chat_content, filename="chat_output.txt"):
    with open(filename, "w", encoding="utf-8") as file:
        file.write(chat_content)
    print(f"Chat saved to {filename}")

# Initialize the Firefox WebDriver
driver = webdriver.Firefox(service=Service("/usr/local/bin/geckodriver"))  # Update path if necessary

try:
    # Open the Deepseek chat page (replace with the actual URL)
    driver.get("https://deepseek.com/chat")  # Replace with the actual URL of Deepseek
    time.sleep(5)  # Wait for the page to load

    # Scroll to the bottom of the page to load all chat messages (if necessary)
    last_height = driver.execute_script("return document.body.scrollHeight")
    while True:
        driver.execute_script("window.scrollTo(0, document.body.scrollHeight);")
        time.sleep(2)  # Wait for new messages to load
        new_height = driver.execute_script("return document.body.scrollHeight")
        if new_height == last_height:
            break
        last_height = new_height

    # Extract chat content (adjust the selector based on the website's structure)
    chat_elements = driver.find_elements(By.CSS_SELECTOR, ".chat-message")  # Update selector
    chat_content = "\n".join([element.text for element in chat_elements])

    # Save the chat content to a text file
    save_chat_to_file(chat_content)

finally:
    # Close the browser
    driver.quit()
```

---

### **Explanation of Changes**
1. **Firefox WebDriver Initialization**:
   - The script now uses `webdriver.Firefox` instead of `webdriver.Chrome`.
   - The `Service` object points to the location of the GeckoDriver binary. If you installed GeckoDriver via the package manager, `/usr/local/bin/geckodriver` should work. Otherwise, update the path to where you extracted the binary.

2. **Browser-Specific Behavior**:
   - Firefox and Chrome behave similarly in most cases, so the rest of the script remains unchanged.

---

### **Step 3: Run the Script**
Save the updated script to a file, e.g., `firefox_extract_chat.py`, and run it:
```bash
python firefox_extract_chat.py
```

---

### **Additional Notes**
1. **Ensure Firefox is Installed**:
   Make sure Firefox is installed on your system. You can install it using:
   ```bash
   sudo apt update
   sudo apt install firefox
   ```

2. **Inspect the Webpage**:
   Use Firefox's developer tools (right-click → Inspect) to verify the CSS selector for chat messages. Update the `.chat-message` selector in the script if necessary.

3. **Headless Mode (Optional)**:
   If you don’t want the browser window to appear during execution, you can run Firefox in headless mode. Add the following options:
   ```python
   from selenium.webdriver.firefox.options import Options

   options = Options()
   options.headless = True
   driver = webdriver.Firefox(service=Service("/usr/local/bin/geckodriver"), options=options)
   ```

---

### **Troubleshooting**
1. **GeckoDriver Not Found**:
   If you see an error like `WebDriverException: 'geckodriver' executable needs to be in PATH`, ensure that the GeckoDriver binary is in a directory listed in your system's PATH (e.g., `/usr/local/bin`).

2. **Version Mismatch**:
   Ensure that the versions of Firefox and GeckoDriver are compatible. Check the [GeckoDriver releases page](https://github.com/mozilla/geckodriver/releases) for compatibility information.

---

By following these steps, your script should now work seamlessly with Firefox. Let me know if you encounter any issues!

### USER
During handling of the above exception, another exception occurred:
Traceback (most recent call last):
  File "python_extract_chat.py", line 13, in <module>
    driver = webdriver.Firefox(service=Service("/usr/local/bin/geckodriver"))  # Update path if necessary
  File "/usr/lib/python3/dist-packages/selenium/webdriver/firefox/webdriver.py", line 164, in __init__
    self.service.start()
  File "/usr/lib/python3/dist-packages/selenium/webdriver/common/service.py", line 81, in start
    raise WebDriverException(
selenium.common.exceptions.WebDriverException: Message: 'geckodriver' executable needs to be in PATH. 


### ASSISTANT
The error message indicates that Selenium cannot find the `geckodriver` executable in your system's PATH. This typically happens when the `geckodriver` binary is either not installed, not in the correct location, or not accessible.

Let’s resolve this issue step by step:

---

### **Step 1: Verify GeckoDriver Installation**
1. Check if `geckodriver` is installed:
   Run the following command to verify that `geckodriver` is available:
   ```bash
   geckodriver --version
   ```
   If this command outputs the version of GeckoDriver (e.g., `geckodriver 0.33.0`), it means GeckoDriver is installed and accessible.

2. If the command fails, GeckoDriver is not installed or not in your PATH. Proceed to install it.

---

### **Step 2: Install GeckoDriver**
#### **Option 1: Install via Package Manager**
On most Linux distributions, you can install GeckoDriver using the package manager:
```bash
sudo apt update
sudo apt install firefox-geckodriver
```
This will install GeckoDriver and place it in a directory that is already in your PATH (e.g., `/usr/bin`).

#### **Option 2: Download Manually**
If your package manager doesn't have GeckoDriver or you want the latest version:
1. Visit the [GeckoDriver releases page](https://github.com/mozilla/geckodriver/releases).
2. Download the appropriate version for your system (e.g., `geckodriver-v0.33.0-linux64.tar.gz` for Linux).
3. Extract the file:
   ```bash
   tar -xvzf geckodriver-v0.33.0-linux64.tar.gz
   ```
4. Move the extracted binary to a directory in your system's PATH:
   ```bash
   sudo mv geckodriver /usr/local/bin/
   ```

5. Verify the installation:
   ```bash
   geckodriver --version
   ```

---

### **Step 3: Update the Script**
Ensure the script points to the correct location of the `geckodriver` binary. If you installed GeckoDriver via the package manager or moved it to `/usr/local/bin`, you don’t need to specify the path explicitly because `/usr/local/bin` is already in your PATH.

Update the script as follows:
```python
from selenium import webdriver
from selenium.webdriver.firefox.service import Service

# Initialize the Firefox WebDriver
driver = webdriver.Firefox()  # No need to specify the path if geckodriver is in PATH
```

If you placed `geckodriver` in a custom location, specify the path explicitly:
```python
driver = webdriver.Firefox(service=Service("/path/to/geckodriver"))
```

---

### **Step 4: Verify PATH Configuration**
If you still encounter the error, ensure that the directory containing `geckodriver` is in your system's PATH:
1. Check your current PATH:
   ```bash
   echo $PATH
   ```
   Look for directories like `/usr/local/bin` or `/usr/bin`.

2. Add the directory to your PATH if necessary:
   ```bash
   export PATH=$PATH:/path/to/geckodriver
   ```
   To make this change permanent, add the above line to your shell configuration file (e.g., `~/.bashrc` or `~/.zshrc`):
   ```bash
   echo 'export PATH=$PATH:/path/to/geckodriver' >> ~/.bashrc
   source ~/.bashrc
   ```

---

### **Step 5: Debugging Tips**
1. **Check Permissions**:
   Ensure that the `geckodriver` binary has execute permissions:
   ```bash
   chmod +x /usr/local/bin/geckodriver
   ```

2. **Verify Firefox Installation**:
   Ensure Firefox is installed and accessible:
   ```bash
   firefox --version
   ```

3. **Run the Script Again**:
   After ensuring that `geckodriver` is installed and in your PATH, run the script:
   ```bash
   python python_extract_chat.py
   ```

---

### **Alternative: Use Absolute Path**
If you don’t want to modify your PATH, you can specify the absolute path to the `geckodriver` binary in the script:
```python
driver = webdriver.Firefox(service=Service("/absolute/path/to/geckodriver"))
```

For example:
```python
driver = webdriver.Firefox(service=Service("/home/user/geckodriver"))
```

---

### **Final Notes**
By following these steps, you should be able to resolve the `WebDriverException` and successfully run the script with Firefox. Let me know if you encounter any further issues!